Found 4 modules for target `tesla`
link_native_modules! {:ios_packages=>[{:configurations=>[], :name=>"react-native-gesture-handler", :root=>"/Users/Yenny127/Desktop/Classes/tesla/node_modules/react-native-gesture-handler", :path=>"../../../node_modules/react-native-gesture-handler", :podspec_path=>"/Users/Yenny127/Desktop/Classes/tesla/node_modules/react-native-gesture-handler/RNGestureHandler.podspec", :script_phases=>[]}, {:configurations=>[], :name=>"react-native-reanimated", :root=>"/Users/Yenny127/Desktop/Classes/tesla/node_modules/react-native-reanimated", :path=>"../../../node_modules/react-native-reanimated", :podspec_path=>"/Users/Yenny127/Desktop/Classes/tesla/node_modules/react-native-reanimated/RNReanimated.podspec", :script_phases=>[]}, {:configurations=>[], :name=>"react-native-safe-area-context", :root=>"/Users/Yenny127/Desktop/Classes/tesla/node_modules/react-native-safe-area-context", :path=>"../../../node_modules/react-native-safe-area-context", :podspec_path=>"/Users/Yenny127/Desktop/Classes/tesla/node_modules/react-native-safe-area-context/react-native-safe-area-context.podspec", :script_phases=>[]}, {:configurations=>[], :name=>"react-native-screens", :root=>"/Users/Yenny127/Desktop/Classes/tesla/node_modules/react-native-screens", :path=>"../../../node_modules/react-native-screens", :podspec_path=>"/Users/Yenny127/Desktop/Classes/tesla/node_modules/react-native-screens/RNScreens.podspec", :script_phases=>[]}], :ios_project_root_path=>"/Users/Yenny127/Desktop/Classes/tesla/packages/mobile/ios", :react_native_path=>"../../../node_modules/react-native"}
Auto-linking React Native modules for target `tesla`: RNGestureHandler, RNReanimated, RNScreens, and react-native-safe-area-context
Framework build type is static library
[ReactNativeDependencies] Setting up ReactNativeDependencies...
[ReactNativeDependencies] Building from source: true
[ReactNativeDependencies] Source: 
[ReactNativeCore] Setting up ReactNativeCore...
[ReactNativeCore] Building from source: true
[ReactNativeCore] Source: 
Configuring the target with the New Architecture
[36m[1m[Codegen][0m Analyzing /Users/Yenny127/Desktop/Classes/tesla/packages/mobile/package.json[0m
[36m[1m[Codegen][0m [33mSearching for codegen-enabled libraries in the app.[0m
[36m[1m[Codegen][0m [33mThe "codegenConfig" field is not defined in package.json. Assuming there is nothing to generate at the app level.[0m
[36m[1m[Codegen][0m [33mSearching for codegen-enabled libraries in react-native.config.js[0m
[36m[1m[Codegen][0m Found react-native-gesture-handler[0m
[36m[1m[Codegen][0m Found react-native-reanimated[0m
[36m[1m[Codegen][0m Found react-native-safe-area-context[0m
[36m[1m[Codegen][0m Found react-native-screens[0m
[36m[1m[Codegen][0m Processing rngesturehandler_codegen[0m
[36m[1m[Codegen][0m [33mSearching for podspec in the project dependencies.[0m
[36m[1m[Codegen][0m Supported Apple platforms: ios, macos, tvos, visionos for rngesturehandler_codegen[0m
[36m[1m[Codegen][0m Processing rnreanimated[0m
[36m[1m[Codegen][0m [33mSearching for podspec in the project dependencies.[0m
[36m[1m[Codegen][0m Supported Apple platforms: ios, macos, tvos, visionos for rnreanimated[0m
[36m[1m[Codegen][0m Processing safeareacontext[0m
[36m[1m[Codegen][0m [33mSearching for podspec in the project dependencies.[0m
[36m[1m[Codegen][0m Supported Apple platforms: ios, macos, tvos, visionos for safeareacontext[0m
[36m[1m[Codegen][0m Processing rnscreens[0m
[36m[1m[Codegen][0m [33mSearching for podspec in the project dependencies.[0m
[36m[1m[Codegen][0m Supported Apple platforms: ios, tvos, visionos for rnscreens[0m
[36m[1m[Codegen][0m Generating Native Code for rngesturehandler_codegen - ios[0m
[36m[1m[Codegen][0m Generated artifacts: /Users/Yenny127/Desktop/Classes/tesla/packages/mobile/ios/build/generated/ios[0m
[36m[1m[Codegen][0m Generating Native Code for rnreanimated - ios[0m
[36m[1m[Codegen][0m Generated artifacts: /Users/Yenny127/Desktop/Classes/tesla/packages/mobile/ios/build/generated/ios[0m
[36m[1m[Codegen][0m Generating Native Code for safeareacontext - ios[0m
[36m[1m[Codegen][0m Generated artifacts: /Users/Yenny127/Desktop/Classes/tesla/packages/mobile/ios/build/generated/ios[0m
[36m[1m[Codegen][0m Generating Native Code for rnscreens - ios[0m
[36m[1m[Codegen][0m Generated artifacts: /Users/Yenny127/Desktop/Classes/tesla/packages/mobile/ios/build/generated/ios[0m
[36m[1m[Codegen][0m Generating RCTThirdPartyComponentsProvider.h[0m
[36m[1m[Codegen][0m Generated artifact: /Users/Yenny127/Desktop/Classes/tesla/packages/mobile/ios/build/generated/ios/RCTThirdPartyComponentsProvider.h[0m
[36m[1m[Codegen][0m Generating RCTThirdPartyComponentsProvider.mm[0m
[36m[1m[Codegen][0m Generated artifact: /Users/Yenny127/Desktop/Classes/tesla/packages/mobile/ios/build/generated/ios/RCTThirdPartyComponentsProvider.mm[0m
[36m[1m[Codegen][0m Generating RCTModulesProvider.h[0m
[36m[1m[Codegen][0m Generated artifact: /Users/Yenny127/Desktop/Classes/tesla/packages/mobile/ios/build/generated/ios/RCTModuleProviders.h[0m
[36m[1m[Codegen][0m Generating RCTModuleProviders.mm[0m
[36m[1m[Codegen][0m Generated artifact: /Users/Yenny127/Desktop/Classes/tesla/packages/mobile/ios/build/generated/ios/RCTModuleProviders.mm[0m
[36m[1m[Codegen][0m Generating RCTAppDependencyProvider[0m
[36m[1m[Codegen][0m Generated artifact: /Users/Yenny127/Desktop/Classes/tesla/packages/mobile/ios/build/generated/ios/RCTAppDependencyProvider.h[0m
[36m[1m[Codegen][0m Generated artifact: /Users/Yenny127/Desktop/Classes/tesla/packages/mobile/ios/build/generated/ios/RCTAppDependencyProvider.mm[0m
[36m[1m[Codegen][0m Generated podspec: /Users/Yenny127/Desktop/Classes/tesla/packages/mobile/ios/build/generated/ios/ReactAppDependencyProvider.podspec[0m
[36m[1m[Codegen][0m Generated podspec: /Users/Yenny127/Desktop/Classes/tesla/packages/mobile/ios/build/generated/ios/ReactCodegen.podspec[0m
[36m[1m[Codegen][0m [33mDone.[0m
Updating local specs repositories

CocoaPods 1.16.1 is available.
To update use: `gem install cocoapods`

For more information, see https://blog.cocoapods.org and the CHANGELOG for this version at https://github.com/CocoaPods/CocoaPods/releases/tag/1.16.1

Analyzing dependencies
Fetching podspec for `DoubleConversion` from `../../../node_modules/react-native/third-party-podspecs/DoubleConversion.podspec`
Fetching podspec for `RCT-Folly` from `../../../node_modules/react-native/third-party-podspecs/RCT-Folly.podspec`
Fetching podspec for `boost` from `../../../node_modules/react-native/third-party-podspecs/boost.podspec`
Fetching podspec for `fast_float` from `../../../node_modules/react-native/third-party-podspecs/fast_float.podspec`
Fetching podspec for `fmt` from `../../../node_modules/react-native/third-party-podspecs/fmt.podspec`
Fetching podspec for `glog` from `../../../node_modules/react-native/third-party-podspecs/glog.podspec`
Fetching podspec for `hermes-engine` from `../../../node_modules/react-native/sdks/hermes-engine/hermes-engine.podspec`
[Hermes] Using release tarball from URL: https://repo1.maven.org/maven2/com/facebook/react/react-native-artifacts/0.82.0/react-native-artifacts-0.82.0-hermes-ios-debug.tar.gz
Downloading dependencies
Installing DoubleConversion (1.1.6)
Installing FBLazyVector (0.82.0)
Installing RCT-Folly (2024.11.18.00)
Installing RCTDeprecation (0.82.0)
Installing RCTRequired (0.82.0)
Installing RCTTypeSafety (0.82.0)
Installing RNGestureHandler (2.29.1)
Installing RNReanimated (4.1.5)
Installing RNScreens (4.18.0)
Installing RNWorklets (0.6.1)
Installing React (0.82.0)
Installing React-Core (0.82.0)
Installing React-CoreModules (0.82.0)
Installing React-Fabric (0.82.0)
Installing React-FabricComponents (0.82.0)
Installing React-FabricImage (0.82.0)
Installing React-ImageManager (0.82.0)
Installing React-Mapbuffer (0.82.0)
Installing React-NativeModulesApple (0.82.0)
Installing React-RCTActionSheet (0.82.0)
Installing React-RCTAnimation (0.82.0)
Installing React-RCTAppDelegate (0.82.0)
Installing React-RCTBlob (0.82.0)
Installing React-RCTFBReactNativeSpec (0.82.0)
Installing React-RCTFabric (0.82.0)
Installing React-RCTImage (0.82.0)
Installing React-RCTLinking (0.82.0)
Installing React-RCTNetwork (0.82.0)
Installing React-RCTRuntime (0.82.0)
Installing React-RCTSettings (0.82.0)
Installing React-RCTText (0.82.0)
Installing React-RCTVibration (0.82.0)
Installing React-RuntimeApple (0.82.0)
Installing React-RuntimeCore (0.82.0)
Installing React-RuntimeHermes (0.82.0)
Installing React-callinvoker (0.82.0)
Installing React-cxxreact (0.82.0)
Installing React-debug (0.82.0)
Installing React-defaultsnativemodule (0.82.0)
Installing React-domnativemodule (0.82.0)
Installing React-featureflags (0.82.0)
Installing React-featureflagsnativemodule (0.82.0)
Installing React-graphics (0.82.0)
Installing React-hermes (0.82.0)
Installing React-idlecallbacksnativemodule (0.82.0)
Installing React-jserrorhandler (0.82.0)
Installing React-jsi (0.82.0)
Installing React-jsiexecutor (0.82.0)
Installing React-jsinspector (0.82.0)
Installing React-jsinspectorcdp (0.82.0)
Installing React-jsinspectornetwork (0.82.0)
Installing React-jsinspectortracing (0.82.0)
Installing React-jsitooling (0.82.0)
Installing React-jsitracing (0.82.0)
Installing React-logger (0.82.0)
Installing React-microtasksnativemodule (0.82.0)
Installing React-oscompat (0.82.0)
Installing React-perflogger (0.82.0)
Installing React-performancecdpmetrics (0.82.0)
Installing React-performancetimeline (0.82.0)
Installing React-rendererconsistency (0.82.0)
Installing React-renderercss (0.82.0)
Installing React-rendererdebug (0.82.0)
Installing React-runtimeexecutor (0.82.0)
Installing React-runtimescheduler (0.82.0)
Installing React-timing (0.82.0)
Installing React-utils (0.82.0)
Installing React-webperformancenativemodule (0.82.0)
Installing ReactAppDependencyProvider (0.82.0)
Installing ReactCodegen (0.82.0)
Installing ReactCommon (0.82.0)
Installing SocketRocket (0.7.1)
Installing Yoga (0.0.0)
Installing boost (1.84.0)
Installing fast_float (8.0.0)
Installing fmt (11.0.2)
Installing glog (0.3.5)
Installing hermes-engine (0.82.0)
Installing react-native-safe-area-context (5.6.2)
Generating Pods project
Setting USE_HERMES build settings
Setting REACT_NATIVE_PATH build settings
Setting SWIFT_ACTIVE_COMPILATION_CONDITIONS build settings
[Ccache]: Removing Ccache from CC, LD, CXX & LDPLUSPLUS build settings
[SPM] Cleaning old SPM dependencies from Pods project
[SPM] Adding SPM dependencies to Pods project
[Privacy Manifest Aggregation] Appending aggregated reasons to existing PrivacyInfo.xcprivacy file.
[Privacy Manifest Aggregation] Reading .xcprivacy files to aggregate all used Required Reason APIs.
Setting CLANG_CXX_LANGUAGE_STANDARD to c++20 on /Users/Yenny127/Desktop/Classes/tesla/packages/mobile/ios/tesla.xcodeproj

==================== DEPRECATION NOTICE =====================
Calling `pod install` directly is deprecated in React Native
because we are moving away from Cocoapods toward alternative
solutions to build the project.
* If you are using Expo, please run:
`npx expo run:ios`
* If you are using the Community CLI, please run:
`yarn ios`
=============================================================

Pod install took 16 [s] to run
Integrating client project
Pod installation complete! There are 80 dependencies from the Podfile and 79 total pods installed.
